0 info it worked if it ends with ok
1 verbose cli [ '/usr/local/bin/node', '/usr/local/bin/npm', 'run', 'test' ]
2 info using npm@4.1.2
3 info using node@v7.2.0
4 verbose run-script [ 'pretest', 'test', 'posttest' ]
5 info lifecycle application-name@0.0.1~pretest: application-name@0.0.1
6 silly lifecycle application-name@0.0.1~pretest: no script for pretest, continuing
7 info lifecycle application-name@0.0.1~test: application-name@0.0.1
8 verbose lifecycle application-name@0.0.1~test: unsafe-perm in lifecycle true
9 verbose lifecycle application-name@0.0.1~test: PATH: /usr/local/lib/node_modules/npm/bin/node-gyp-bin:/home/natan/Documentos/temp/NodeJS/ntalk/node_modules/.bin:/home/natan/local/bin:/home/natan/local/bin:/home/natan/.local/share/umake/bin:/usr/local/sbin:/usr/local/bin:/usr/sbin:/usr/bin:/sbin:/bin:/usr/games:/usr/local/games:/home/natan/Android/Sdk//tools:/home/natan/Android/Sdk//platform-tools
10 verbose lifecycle application-name@0.0.1~test: CWD: /home/natan/Documentos/temp/NodeJS/ntalk
11 silly lifecycle application-name@0.0.1~test: Args: [ '-c',
11 silly lifecycle   'NODE_ENV=test ./node_modules/mocha/bin/mocha test/*.js' ]
12 silly lifecycle application-name@0.0.1~test: Returned: code: 14  signal: null
13 info lifecycle application-name@0.0.1~test: Failed to exec test script
14 verbose stack Error: application-name@0.0.1 test: `NODE_ENV=test ./node_modules/mocha/bin/mocha test/*.js`
14 verbose stack Exit status 14
14 verbose stack     at EventEmitter.<anonymous> (/usr/local/lib/node_modules/npm/lib/utils/lifecycle.js:279:16)
14 verbose stack     at emitTwo (events.js:106:13)
14 verbose stack     at EventEmitter.emit (events.js:191:7)
14 verbose stack     at ChildProcess.<anonymous> (/usr/local/lib/node_modules/npm/lib/utils/spawn.js:40:14)
14 verbose stack     at emitTwo (events.js:106:13)
14 verbose stack     at ChildProcess.emit (events.js:191:7)
14 verbose stack     at maybeClose (internal/child_process.js:885:16)
14 verbose stack     at Process.ChildProcess._handle.onexit (internal/child_process.js:226:5)
15 verbose pkgid application-name@0.0.1
16 verbose cwd /home/natan/Documentos/temp/NodeJS/ntalk
17 error Linux 4.2.0-42-generic
18 error argv "/usr/local/bin/node" "/usr/local/bin/npm" "run" "test"
19 error node v7.2.0
20 error npm  v4.1.2
21 error code ELIFECYCLE
22 error application-name@0.0.1 test: `NODE_ENV=test ./node_modules/mocha/bin/mocha test/*.js`
22 error Exit status 14
23 error Failed at the application-name@0.0.1 test script 'NODE_ENV=test ./node_modules/mocha/bin/mocha test/*.js'.
23 error Make sure you have the latest version of node.js and npm installed.
23 error If you do, this is most likely a problem with the application-name package,
23 error not with npm itself.
23 error Tell the author that this fails on your system:
23 error     NODE_ENV=test ./node_modules/mocha/bin/mocha test/*.js
23 error You can get information on how to open an issue for this project with:
23 error     npm bugs application-name
23 error Or if that isn't available, you can get their info via:
23 error     npm owner ls application-name
23 error There is likely additional logging output above.
24 verbose exit [ 1, true ]
